
--------------------------------------------------
TXLib соболезнует...

Программа: C:\Users\OlegA\Desktop\SquareSolve\aboba.exe,

ВНЕЗАПНО: signal (22, 0x00): SIGABRT: Аварийное завершение программы, вызвана функция abort(). 

С помощью функции signal() вы можете сами обработать эту ошибку.

#1: TXLib [Ver: 00173a, Rev: 172, Date: 2023-08-12 11:12:24 +0400], Instance: 0x0065CDBC (32-bit), Flags: Cmdre0, Thread: 0x3F18 (Main), GetLastError(): 126 (Не найден указанный модуль), errno: 22 (Invalid argument). 

--------------------------------------------------
Стек вызовов:

# 0 0x004955C4 in C:\Users\OlegA\Desktop\SquareSolve\aboba.exe: _txOnSignal() at c:/program files (x86)/codeblocks/mingw/include/txlib.h (11006)
# 1 0x74F771F1 in C:\Windows\System32\msvcrt.dll: raise()
# 2 0x74F7B69B in C:\Windows\System32\msvcrt.dll: abort()
# 3 0x74F7802A in C:\Windows\System32\msvcrt.dll: assert()

# 4 0x0042BFFE in C:\Users\OlegA\Desktop\SquareSolve\aboba.exe: RunTests() at C:/Users/OlegA/Desktop/SquareSolve/source/test.cpp (100):

     98:     if (ptr_to_test == nullptr) {
     99:         printf("fopen: ERROR!!!\n You may have entered the wrong file name!\n");
=>  100:         assert(0);
    101:         return;
    102:     }

# 5 0x00457EC4 in C:\Users\OlegA\Desktop\SquareSolve\aboba.exe: main() at C:/Users/OlegA/Desktop/SquareSolve/source/main.cpp (29):

     27: 
     28:         case test:
=>   29:             RunTests(file_name);
     30:             break;
     31: 

--------------------------------------------------
Developed with:

The Dumb Artist Library (TX Library)
TXLib [Ver: 00173a, Rev: 172, Date: 2023-08-12 11:12:24 +0400]
Copyright (C) Ded (Ilya Dedinsky, http://txlib.ru) <mail@txlib.ru>
See license on: http://txlib.ru

TXLib file:	c:\program files (x86)\codeblocks\mingw\include\txlib.h
Compiled:	Aug 29 2023 19:47:16, GNU g++ 4.8.1, std=201103L, MinGW Runtime 3.20, 32-bit, DEBUG
Started:	Aug 30 2023 13:15:14

Run file:	C:\Users\OlegA\Desktop\SquareSolve\aboba.exe
Directory:	C:\Users\OlegA\Desktop\SquareSolve

--------------------------------------------------

--------------------------------------------------
TXLib соболезнует...

Программа: C:\Users\OlegA\Desktop\SquareSolve\aboba.exe,

ВНЕЗАПНО: signal (22, 0x00): SIGABRT: Аварийное завершение программы, вызвана функция abort(). 

С помощью функции signal() вы можете сами обработать эту ошибку.

#1: TXLib [Ver: 00173a, Rev: 172, Date: 2023-08-12 11:12:24 +0400], Instance: 0x0065CDBC (32-bit), Flags: Cmdre0, Thread: 0x1B70 (Main), GetLastError(): 126 (Не найден указанный модуль), errno: 22 (Invalid argument). 

--------------------------------------------------
Стек вызовов:

# 0 0x004955E8 in C:\Users\OlegA\Desktop\SquareSolve\aboba.exe: _txOnSignal() at c:/program files (x86)/codeblocks/mingw/include/txlib.h (11006)
# 1 0x74F771F1 in C:\Windows\System32\msvcrt.dll: raise()
# 2 0x74F7B69B in C:\Windows\System32\msvcrt.dll: abort()
# 3 0x74F7802A in C:\Windows\System32\msvcrt.dll: assert()

# 4 0x0042BFFE in C:\Users\OlegA\Desktop\SquareSolve\aboba.exe: RunTests() at C:/Users/OlegA/Desktop/SquareSolve/source/test.cpp (100):

     98:     if (ptr_to_test == nullptr) {
     99:         printf("fopen: ERROR!!!\n You may have entered the wrong file name!\n");
=>  100:         assert(0);
    101:         return;
    102:     }

# 5 0x00457EC5 in C:\Users\OlegA\Desktop\SquareSolve\aboba.exe: main() at C:/Users/OlegA/Desktop/SquareSolve/source/main.cpp (32):

     30:         case FLAG_UNITTEST:
     31:         {
=>   32:             RunTests(file_name);
     33:             break;
     34:         }

--------------------------------------------------
Developed with:

The Dumb Artist Library (TX Library)
TXLib [Ver: 00173a, Rev: 172, Date: 2023-08-12 11:12:24 +0400]
Copyright (C) Ded (Ilya Dedinsky, http://txlib.ru) <mail@txlib.ru>
See license on: http://txlib.ru

TXLib file:	c:\program files (x86)\codeblocks\mingw\include\txlib.h
Compiled:	Aug 30 2023 13:37:48, GNU g++ 4.8.1, std=201103L, MinGW Runtime 3.20, 32-bit, DEBUG
Started:	Aug 30 2023 13:38:20

Run file:	C:\Users\OlegA\Desktop\SquareSolve\aboba.exe
Directory:	C:\Users\OlegA\Desktop\SquareSolve

--------------------------------------------------

--------------------------------------------------
TXLib соболезнует...

Программа: C:\Users\OlegA\Desktop\SquareSolve\aboba.exe,

ВНЕЗАПНО: signal (22, 0x00): SIGABRT: Аварийное завершение программы, вызвана функция abort(). 

С помощью функции signal() вы можете сами обработать эту ошибку.

#1: TXLib [Ver: 00173a, Rev: 172, Date: 2023-08-12 11:12:24 +0400], Instance: 0x0065CDBC (32-bit), Flags: Cmdre0, Thread: 0x2B90 (Main), GetLastError(): 126 (Не найден указанный модуль), errno: 22 (Invalid argument). 

--------------------------------------------------
Стек вызовов:

# 0 0x00495628 in C:\Users\OlegA\Desktop\SquareSolve\aboba.exe: _txOnSignal() at c:/program files (x86)/codeblocks/mingw/include/txlib.h (11006)
# 1 0x74F771F1 in C:\Windows\System32\msvcrt.dll: raise()
# 2 0x74F7B69B in C:\Windows\System32\msvcrt.dll: abort()
# 3 0x74F7802A in C:\Windows\System32\msvcrt.dll: assert()

# 4 0x0042BFFE in C:\Users\OlegA\Desktop\SquareSolve\aboba.exe: RunTests() at C:/Users/OlegA/Desktop/SquareSolve/source/test.cpp (100):

     98:     if (ptr_to_test == nullptr) {
     99:         printf("fopen: ERROR!!!\n You may have entered the wrong file name!\n");
=>  100:         assert(0);
    101:         return;
    102:     }

# 5 0x00457ED9 in C:\Users\OlegA\Desktop\SquareSolve\aboba.exe: main() at C:/Users/OlegA/Desktop/SquareSolve/source/main.cpp (32):

     30:         case FLAG_UNITTEST:
     31:         {
=>   32:             RunTests(file_name);
     33:             break;
     34:         }

--------------------------------------------------
Developed with:

The Dumb Artist Library (TX Library)
TXLib [Ver: 00173a, Rev: 172, Date: 2023-08-12 11:12:24 +0400]
Copyright (C) Ded (Ilya Dedinsky, http://txlib.ru) <mail@txlib.ru>
See license on: http://txlib.ru

TXLib file:	c:\program files (x86)\codeblocks\mingw\include\txlib.h
Compiled:	Aug 30 2023 13:37:48, GNU g++ 4.8.1, std=201103L, MinGW Runtime 3.20, 32-bit, DEBUG
Started:	Aug 30 2023 13:43:15

Run file:	C:\Users\OlegA\Desktop\SquareSolve\aboba.exe
Directory:	C:\Users\OlegA\Desktop\SquareSolve

--------------------------------------------------

--------------------------------------------------
TXLib соболезнует...

Программа: C:\Users\OlegA\Desktop\SquareSolve\aboba.exe,

ВНЕЗАПНО: signal (22, 0x00): SIGABRT: Аварийное завершение программы, вызвана функция abort(). 

С помощью функции signal() вы можете сами обработать эту ошибку.

#1: TXLib [Ver: 00173a, Rev: 172, Date: 2023-08-12 11:12:24 +0400], Instance: 0x0065CDBC (32-bit), Flags: Cmdre0, Thread: 0x974 (Main), GetLastError(): 126 (Не найден указанный модуль), errno: 22 (Invalid argument). 

--------------------------------------------------
Стек вызовов:

# 0 0x00495628 in C:\Users\OlegA\Desktop\SquareSolve\aboba.exe: _txOnSignal() at c:/program files (x86)/codeblocks/mingw/include/txlib.h (11006)
# 1 0x74F771F1 in C:\Windows\System32\msvcrt.dll: raise()
# 2 0x74F7B69B in C:\Windows\System32\msvcrt.dll: abort()
# 3 0x74F7802A in C:\Windows\System32\msvcrt.dll: assert()

# 4 0x0042BFFE in C:\Users\OlegA\Desktop\SquareSolve\aboba.exe: RunTests() at C:/Users/OlegA/Desktop/SquareSolve/source/test.cpp (100):

     98:     if (ptr_to_test == nullptr) {
     99:         printf("fopen: ERROR!!!\n You may have entered the wrong file name!\n");
=>  100:         assert(0);
    101:         return;
    102:     }

# 5 0x00457ED9 in C:\Users\OlegA\Desktop\SquareSolve\aboba.exe: main() at C:/Users/OlegA/Desktop/SquareSolve/source/main.cpp (32):

     30:         case FLAG_UNITTEST:
     31:         {
=>   32:             RunTests(file_name);
     33:             break;
     34:         }

--------------------------------------------------
Developed with:

The Dumb Artist Library (TX Library)
TXLib [Ver: 00173a, Rev: 172, Date: 2023-08-12 11:12:24 +0400]
Copyright (C) Ded (Ilya Dedinsky, http://txlib.ru) <mail@txlib.ru>
See license on: http://txlib.ru

TXLib file:	c:\program files (x86)\codeblocks\mingw\include\txlib.h
Compiled:	Aug 30 2023 13:37:48, GNU g++ 4.8.1, std=201103L, MinGW Runtime 3.20, 32-bit, DEBUG
Started:	Aug 30 2023 13:44:28

Run file:	C:\Users\OlegA\Desktop\SquareSolve\aboba.exe
Directory:	C:\Users\OlegA\Desktop\SquareSolve

--------------------------------------------------

--------------------------------------------------
TXLib соболезнует...

Программа: C:\Users\OlegA\Desktop\SquareSolve\aboba.exe,

ВНЕЗАПНО: signal (22, 0x00): SIGABRT: Аварийное завершение программы, вызвана функция abort(). 

С помощью функции signal() вы можете сами обработать эту ошибку.

#1: TXLib [Ver: 00173a, Rev: 172, Date: 2023-08-12 11:12:24 +0400], Instance: 0x0065CDBC (32-bit), Flags: Cmdre0, Thread: 0x3A70 (Main), GetLastError(): 126 (Не найден указанный модуль), errno: 22 (Invalid argument). 

--------------------------------------------------
Стек вызовов:

# 0 0x00495628 in C:\Users\OlegA\Desktop\SquareSolve\aboba.exe: _txOnSignal() at c:/program files (x86)/codeblocks/mingw/include/txlib.h (11006)
# 1 0x74F771F1 in C:\Windows\System32\msvcrt.dll: raise()
# 2 0x74F7B69B in C:\Windows\System32\msvcrt.dll: abort()
# 3 0x74F7802A in C:\Windows\System32\msvcrt.dll: assert()

# 4 0x0042BFFE in C:\Users\OlegA\Desktop\SquareSolve\aboba.exe: RunTests() at C:/Users/OlegA/Desktop/SquareSolve/source/test.cpp (100):

     98:     if (ptr_to_test == nullptr) {
     99:         printf("fopen: ERROR!!!\n You may have entered the wrong file name!\n");
=>  100:         assert(0);
    101:         return;
    102:     }

# 5 0x00457ED9 in C:\Users\OlegA\Desktop\SquareSolve\aboba.exe: main() at C:/Users/OlegA/Desktop/SquareSolve/source/main.cpp (32):

     30:         case FLAG_UNITTEST:
     31:         {
=>   32:             RunTests(file_name);
     33:             break;
     34:         }

--------------------------------------------------
Developed with:

The Dumb Artist Library (TX Library)
TXLib [Ver: 00173a, Rev: 172, Date: 2023-08-12 11:12:24 +0400]
Copyright (C) Ded (Ilya Dedinsky, http://txlib.ru) <mail@txlib.ru>
See license on: http://txlib.ru

TXLib file:	c:\program files (x86)\codeblocks\mingw\include\txlib.h
Compiled:	Aug 30 2023 13:37:48, GNU g++ 4.8.1, std=201103L, MinGW Runtime 3.20, 32-bit, DEBUG
Started:	Aug 30 2023 13:46:38

Run file:	C:\Users\OlegA\Desktop\SquareSolve\aboba.exe
Directory:	C:\Users\OlegA\Desktop\SquareSolve

--------------------------------------------------

--------------------------------------------------
TXLib соболезнует...

Программа: C:\Users\OlegA\Desktop\SquareSolve\aboba.exe,

ВНЕЗАПНО: signal (22, 0x00): SIGABRT: Аварийное завершение программы, вызвана функция abort(). 

С помощью функции signal() вы можете сами обработать эту ошибку.

#1: TXLib [Ver: 00173a, Rev: 172, Date: 2023-08-12 11:12:24 +0400], Instance: 0x0065CDBC (32-bit), Flags: Cmdre0, Thread: 0x3788 (Main), GetLastError(): 126 (Не найден указанный модуль), errno: 22 (Invalid argument). 

--------------------------------------------------
Стек вызовов:

# 0 0x0049563C in C:\Users\OlegA\Desktop\SquareSolve\aboba.exe: _txOnSignal() at c:/program files (x86)/codeblocks/mingw/include/txlib.h (11006)
# 1 0x74F771F1 in C:\Windows\System32\msvcrt.dll: raise()
# 2 0x74F7B69B in C:\Windows\System32\msvcrt.dll: abort()
# 3 0x74F7802A in C:\Windows\System32\msvcrt.dll: assert()

# 4 0x0042C011 in C:\Users\OlegA\Desktop\SquareSolve\aboba.exe: RunTests() at C:/Users/OlegA/Desktop/SquareSolve/source/test.cpp (101):

     99:         printf("fopen: ERROR!!!\n You may have entered the wrong file name!\n");
    100:         printf("%s", file_name);
=>  101:         assert(0);
    102:         return;
    103:     }

# 5 0x00457EED in C:\Users\OlegA\Desktop\SquareSolve\aboba.exe: main() at C:/Users/OlegA/Desktop/SquareSolve/source/main.cpp (32):

     30:         case FLAG_UNITTEST:
     31:         {
=>   32:             RunTests(file_name);
     33:             break;
     34:         }

--------------------------------------------------
Developed with:

The Dumb Artist Library (TX Library)
TXLib [Ver: 00173a, Rev: 172, Date: 2023-08-12 11:12:24 +0400]
Copyright (C) Ded (Ilya Dedinsky, http://txlib.ru) <mail@txlib.ru>
See license on: http://txlib.ru

TXLib file:	c:\program files (x86)\codeblocks\mingw\include\txlib.h
Compiled:	Aug 30 2023 13:37:48, GNU g++ 4.8.1, std=201103L, MinGW Runtime 3.20, 32-bit, DEBUG
Started:	Aug 30 2023 13:48:05

Run file:	C:\Users\OlegA\Desktop\SquareSolve\aboba.exe
Directory:	C:\Users\OlegA\Desktop\SquareSolve

--------------------------------------------------

--------------------------------------------------
TXLib соболезнует...

Программа: C:\Users\OlegA\Desktop\SquareSolve\aboba.exe,

ВНЕЗАПНО: signal (22, 0x00): SIGABRT: Аварийное завершение программы, вызвана функция abort(). 

С помощью функции signal() вы можете сами обработать эту ошибку.

#1: TXLib [Ver: 00173a, Rev: 172, Date: 2023-08-12 11:12:24 +0400], Instance: 0x0065CDBC (32-bit), Flags: Cmdre0, Thread: 0x2DBC (Main), GetLastError(): 126 (Не найден указанный модуль), errno: 22 (Invalid argument). 

--------------------------------------------------
Стек вызовов:

# 0 0x00495634 in C:\Users\OlegA\Desktop\SquareSolve\aboba.exe: _txOnSignal() at c:/program files (x86)/codeblocks/mingw/include/txlib.h (11006)
# 1 0x74F771F1 in C:\Windows\System32\msvcrt.dll: raise()
# 2 0x74F7B69B in C:\Windows\System32\msvcrt.dll: abort()
# 3 0x74F7802A in C:\Windows\System32\msvcrt.dll: assert()

# 4 0x0042C009 in C:\Users\OlegA\Desktop\SquareSolve\aboba.exe: RunTests() at C:/Users/OlegA/Desktop/SquareSolve/source/test.cpp (101):

     99:     if (ptr_to_test == nullptr) {
    100:         printf("fopen: ERROR!!!\n You may have entered the wrong file name!\n");
=>  101:         assert(0);
    102:         return;
    103:     }

# 5 0x00457EE5 in C:\Users\OlegA\Desktop\SquareSolve\aboba.exe: main() at C:/Users/OlegA/Desktop/SquareSolve/source/main.cpp (32):

     30:         case FLAG_UNITTEST:
     31:         {
=>   32:             RunTests(file_name);
     33:             break;
     34:         }

--------------------------------------------------
Developed with:

The Dumb Artist Library (TX Library)
TXLib [Ver: 00173a, Rev: 172, Date: 2023-08-12 11:12:24 +0400]
Copyright (C) Ded (Ilya Dedinsky, http://txlib.ru) <mail@txlib.ru>
See license on: http://txlib.ru

TXLib file:	c:\program files (x86)\codeblocks\mingw\include\txlib.h
Compiled:	Aug 30 2023 13:37:48, GNU g++ 4.8.1, std=201103L, MinGW Runtime 3.20, 32-bit, DEBUG
Started:	Aug 30 2023 13:49:08

Run file:	C:\Users\OlegA\Desktop\SquareSolve\aboba.exe
Directory:	C:\Users\OlegA\Desktop\SquareSolve

--------------------------------------------------

--------------------------------------------------
TXLib соболезнует...

Программа: C:\Users\OlegA\Desktop\SquareSolve\aboba.exe,

ВНЕЗАПНО: signal (22, 0x00): SIGABRT: Аварийное завершение программы, вызвана функция abort(). 

С помощью функции signal() вы можете сами обработать эту ошибку.

#1: TXLib [Ver: 00173a, Rev: 172, Date: 2023-08-12 11:12:24 +0400], Instance: 0x0065CDBC (32-bit), Flags: Cmdre0, Thread: 0xE84 (Main), GetLastError(): 126 (Не найден указанный модуль), errno: 22 (Invalid argument). 

--------------------------------------------------
Стек вызовов:

# 0 0x00495638 in C:\Users\OlegA\Desktop\SquareSolve\aboba.exe: _txOnSignal() at c:/program files (x86)/codeblocks/mingw/include/txlib.h (11006)
# 1 0x74F771F1 in C:\Windows\System32\msvcrt.dll: raise()
# 2 0x74F7B69B in C:\Windows\System32\msvcrt.dll: abort()
# 3 0x74F7802A in C:\Windows\System32\msvcrt.dll: assert()

# 4 0x0042C009 in C:\Users\OlegA\Desktop\SquareSolve\aboba.exe: RunTests() at C:/Users/OlegA/Desktop/SquareSolve/source/test.cpp (101):

     99:     if (ptr_to_test == nullptr) {
    100:         printf("fopen: ERROR!!!\n You may have entered the wrong file name!\n");
=>  101:         assert(0);
    102:         return;
    103:     }

# 5 0x00457EE5 in C:\Users\OlegA\Desktop\SquareSolve\aboba.exe: main() at C:/Users/OlegA/Desktop/SquareSolve/source/main.cpp (32):

     30:         case FLAG_UNITTEST:
     31:         {
=>   32:             RunTests(file_name);
     33:             break;
     34:         }

--------------------------------------------------
Developed with:

The Dumb Artist Library (TX Library)
TXLib [Ver: 00173a, Rev: 172, Date: 2023-08-12 11:12:24 +0400]
Copyright (C) Ded (Ilya Dedinsky, http://txlib.ru) <mail@txlib.ru>
See license on: http://txlib.ru

TXLib file:	c:\program files (x86)\codeblocks\mingw\include\txlib.h
Compiled:	Aug 30 2023 13:37:48, GNU g++ 4.8.1, std=201103L, MinGW Runtime 3.20, 32-bit, DEBUG
Started:	Aug 30 2023 13:51:48

Run file:	C:\Users\OlegA\Desktop\SquareSolve\aboba.exe
Directory:	C:\Users\OlegA\Desktop\SquareSolve

--------------------------------------------------

--------------------------------------------------
TXLib соболезнует...

Программа: C:\Users\OlegA\Desktop\SquareSolve\aboba.exe,

ВНЕЗАПНО: signal (22, 0x00): SIGABRT: Аварийное завершение программы, вызвана функция abort(). 

С помощью функции signal() вы можете сами обработать эту ошибку.

#1: TXLib [Ver: 00173a, Rev: 172, Date: 2023-08-12 11:12:24 +0400], Instance: 0x0065CDBC (32-bit), Flags: Cmdre0, Thread: 0x728 (Main), GetLastError(): 126 (Не найден указанный модуль), errno: 22 (Invalid argument). 

--------------------------------------------------
Стек вызовов:

# 0 0x0049564C in C:\Users\OlegA\Desktop\SquareSolve\aboba.exe: _txOnSignal() at c:/program files (x86)/codeblocks/mingw/include/txlib.h (11006)
# 1 0x74F771F1 in C:\Windows\System32\msvcrt.dll: raise()
# 2 0x74F7B69B in C:\Windows\System32\msvcrt.dll: abort()
# 3 0x74F7802A in C:\Windows\System32\msvcrt.dll: assert()

# 4 0x0042C009 in C:\Users\OlegA\Desktop\SquareSolve\aboba.exe: RunTests() at C:/Users/OlegA/Desktop/SquareSolve/source/test.cpp (101):

     99:     if (ptr_to_test == nullptr) {
    100:         printf("fopen: ERROR!!!\n You may have entered the wrong file name!\n");
=>  101:         assert(0);
    102:         return;
    103:     }

# 5 0x00457EF9 in C:\Users\OlegA\Desktop\SquareSolve\aboba.exe: main() at C:/Users/OlegA/Desktop/SquareSolve/source/main.cpp (33):

     31:         {
     32:             printf("%s", file_name);
=>   33:             RunTests(file_name);
     34:             break;
     35:         }

--------------------------------------------------
Developed with:

The Dumb Artist Library (TX Library)
TXLib [Ver: 00173a, Rev: 172, Date: 2023-08-12 11:12:24 +0400]
Copyright (C) Ded (Ilya Dedinsky, http://txlib.ru) <mail@txlib.ru>
See license on: http://txlib.ru

TXLib file:	c:\program files (x86)\codeblocks\mingw\include\txlib.h
Compiled:	Aug 30 2023 13:37:48, GNU g++ 4.8.1, std=201103L, MinGW Runtime 3.20, 32-bit, DEBUG
Started:	Aug 30 2023 13:52:50

Run file:	C:\Users\OlegA\Desktop\SquareSolve\aboba.exe
Directory:	C:\Users\OlegA\Desktop\SquareSolve

--------------------------------------------------

--------------------------------------------------
TXLib соболезнует...

Программа: C:\Users\OlegA\Desktop\SquareSolve\aboba.exe,

ВНЕЗАПНО: signal (22, 0x00): SIGABRT: Аварийное завершение программы, вызвана функция abort(). 

С помощью функции signal() вы можете сами обработать эту ошибку.

#1: TXLib [Ver: 00173a, Rev: 172, Date: 2023-08-12 11:12:24 +0400], Instance: 0x0065CDBC (32-bit), Flags: Cmdre0, Thread: 0x32C4 (Main), GetLastError(): 126 (Не найден указанный модуль), errno: 22 (Invalid argument). 

--------------------------------------------------
Стек вызовов:

# 0 0x0049561C in C:\Users\OlegA\Desktop\SquareSolve\aboba.exe: _txOnSignal() at c:/program files (x86)/codeblocks/mingw/include/txlib.h (11006)
# 1 0x74F771F1 in C:\Windows\System32\msvcrt.dll: raise()
# 2 0x74F7B69B in C:\Windows\System32\msvcrt.dll: abort()
# 3 0x74F7802A in C:\Windows\System32\msvcrt.dll: assert()

# 4 0x0042BFFE in C:\Users\OlegA\Desktop\SquareSolve\aboba.exe: RunTests() at C:/Users/OlegA/Desktop/SquareSolve/source/test.cpp (100):

     98:     if (ptr_to_test == nullptr) {
     99:         printf("fopen: ERROR!!!\n You may have entered the wrong file name!\n");
=>  100:         assert(0);
    101:         return;
    102:     }

# 5 0x00457ED9 in C:\Users\OlegA\Desktop\SquareSolve\aboba.exe: main() at C:/Users/OlegA/Desktop/SquareSolve/source/main.cpp (32):

     30:         case FLAG_UNITTEST:
     31:         {
=>   32:             RunTests(file_name);
     33:             break;
     34:         }

--------------------------------------------------
Developed with:

The Dumb Artist Library (TX Library)
TXLib [Ver: 00173a, Rev: 172, Date: 2023-08-12 11:12:24 +0400]
Copyright (C) Ded (Ilya Dedinsky, http://txlib.ru) <mail@txlib.ru>
See license on: http://txlib.ru

TXLib file:	c:\program files (x86)\codeblocks\mingw\include\txlib.h
Compiled:	Aug 30 2023 13:37:48, GNU g++ 4.8.1, std=201103L, MinGW Runtime 3.20, 32-bit, DEBUG
Started:	Aug 30 2023 14:38:00

Run file:	C:\Users\OlegA\Desktop\SquareSolve\aboba.exe
Directory:	C:\Users\OlegA\Desktop\SquareSolve

--------------------------------------------------
